/home/lcx/projects/Pilot/util/methods.py:177: ClusterWarning: scipy.cluster: The symmetric non-negative hollow observation matrix looks suspiciously like an uncondensed distance matrix
  linkage_matrix = hierarchy.linkage(distance_matrix, method=method)
[45.93550701 47.5659429  51.19623746 45.43088736 45.1670132  45.02413152]
[45.72723492 45.76532528 52.54168806 45.16713928 44.74385624 44.85413845]
[44.64972854 46.89885822 51.10683273 44.60295395 44.4856631  44.29970353]
[45.80193476 47.42809539 50.79830031 45.80196994 44.90596866 44.92582329]
[46.26883085 46.95804767 50.51925951 46.2805631  45.9988091  45.88590053]
[46.65418723 48.05710712 49.61958983 46.26443586 45.35173132 45.36596383]
[46.00438371 46.66763186 51.64751624 46.00510193 45.58235284 45.56709491]
[46.27838924 47.98213435 52.73025546 45.80462091 45.3819488  45.39415043]
[44.85070679 45.84009717 51.00942457 44.8533347  44.56896336 44.31923502]
[45.55825926 46.41914377 51.14585073 45.34400679 44.33390941 44.07874122]
[46.28435628 47.79958773 51.23298287 45.75286126 45.3167777  45.42440265]
[46.92874942 49.00900006 51.48046337 46.93764388 46.23786232 46.06610122]
[46.02731942 46.84681163 51.9433311  45.47004408 45.34664927 45.01538897]
[45.28752734 45.54783209 47.70730238 45.05284512 44.29146601 44.32034318]
[46.30580126 47.73735106 50.37117175 45.960988   45.39783445 45.34237791]
[47.18475796 47.57899013 52.62606648 46.8484632  46.15059709 46.21366628]
[46.9479254  47.46473073 51.91761866 46.31120735 45.43447459 45.6761229 ]
[46.90814761 46.81406659 50.72019223 46.55400868 45.67447961 45.52224589]
[46.26189478 46.75470427 50.12288132 46.28655189 44.91137441 45.05112841]
[48.11059181 48.35289469 50.22916429 46.85021148 45.98802405 46.19126075]
[46.05781939 45.99462024 51.66183185 45.16040019 44.81721223 44.86615227]
[46.52442248 46.95161148 52.02372814 46.5247183  45.98744345 46.32442072]
[45.75329505 47.48174743 49.60214552 45.76349887 45.39498576 45.29793545]
[45.59859873 46.10682652 49.18212702 45.62280051 44.38911805 44.31975922]
[46.0832569  46.46311135 52.52626936 45.45785768 45.34452505 45.19116293]
[46.87262646 47.39878451 52.90236807 46.55746623 45.5033083  45.39496181]
[45.57634755 46.89557273 50.0763901  45.03488903 44.32539218 44.28890261]
[47.07821969 47.51888703 50.45293342 47.06709196 46.12993819 46.19036431]
[46.55221523 47.78930538 51.8086797  46.54415615 45.57329697 45.54553691]
[44.97029022 45.42654204 52.50202385 44.97134812 44.46644054 44.39343352]
[45.34256087 46.54758597 49.52132836 45.33343156 44.82886906 44.77673173]
[46.26999685 46.60428882 50.41240032 45.0509677  44.76666074 44.702338  ]
[47.04947851 48.4997953  52.55169969 46.74881575 46.42498924 46.33536524]
[46.35990642 47.38892542 50.62758678 46.36254595 45.6764654  45.87059624]
[46.53301643 46.50007272 50.69758621 46.09454354 45.28358426 45.31695335]
[46.93712612 47.75641186 51.93869348 46.74195198 45.50259061 45.50902984]
[46.51735566 47.51286268 53.84480249 46.5120051  45.7834265  46.0362311 ]
[45.20788407 46.94318464 51.11228102 45.20725231 45.24479392 45.05802898]
[46.13816348 47.95059875 52.684895   46.1598805  45.65924767 45.77405647]
[46.2994912  47.49534796 51.94433271 45.19479956 44.98852212 44.86825658]
[45.654046   46.50227474 52.46806039 45.66721711 45.36443128 45.43533207]
[46.25683722 47.12041047 48.75889693 46.23653241 45.45480964 45.46707754]
[45.49534425 46.32524895 52.03371201 45.28342385 44.90634204 44.78179492]
[44.24174038 44.50402509 52.50054848 44.23699515 43.76052048 43.82035575]
[45.17243466 45.8763527  48.45499819 44.62349836 43.9348126  44.07770016]
[45.22779294 46.24209018 52.41985077 44.62123594 44.59595623 44.5677887 ]
[44.93980476 45.39629135 50.33014381 43.9307324  43.32494598 43.48810243]
[44.28816616 46.3604995  51.05558506 44.28417725 43.51212976 43.51032646]
[47.18128652 47.62003033 49.48315009 47.19640215 45.69656704 45.89529745]
[45.5820539  45.81085462 48.2407109  45.42946908 45.03048745 44.89757322]
[46.35460956 47.09778904 49.88279401 46.01487497 45.56521314 45.44505664]
[44.9941931  46.28357406 51.28089798 44.97285854 43.78752086 43.78530812]
[47.65048587 47.60856384 53.48676452 47.14035115 46.72720897 46.60535462]
[46.87389095 47.61026661 56.39200449 46.87530012 46.24965385 46.24998967]
[45.69592539 46.62201317 52.08940846 45.36223338 44.43466934 44.35505819]
[46.0458085  45.73888678 51.57466426 45.5401186  45.16282509 45.12714438]
[44.81818732 45.81364971 50.52909974 44.51049488 44.23345655 44.11748697]
[46.22875318 47.51785151 50.38439078 46.22837762 44.90593572 44.84295418]
[46.6394077  46.58795372 52.81301766 46.26306749 45.79423669 45.90597481]
[47.16516158 47.83327868 49.1891361  47.00432694 45.45872107 45.4687928 ]
[46.20822054 46.50853759 49.8361402  45.64410827 44.91916026 44.81755226]
[46.69205743 47.44695968 50.97171107 45.97573866 45.07197426 45.06540583]
[46.24663294 47.05656241 50.01515148 46.25418552 45.55778088 45.54386611]
[46.74361402 47.77964801 49.60730704 46.73847253 46.53217153 46.472758  ]
[46.90019662 48.4020429  51.05463362 46.13386698 45.5054008  45.65397228]
[46.12180443 46.64660577 52.13140757 45.47678762 44.67212477 44.70269152]
[46.03613079 45.5822322  49.70059802 45.46106191 44.40970846 44.61292574]
[46.97548297 47.43293212 47.81913833 46.56409285 45.1770442  45.1805644 ]
[45.34374692 46.61199645 50.21832893 45.33619641 44.74667112 44.77817318]
[46.39427933 47.01286045 51.57865425 46.3881231  45.65883921 45.81135866]
[46.32898215 46.99673808 47.99161031 45.66873389 44.9748819  45.30497667]
[46.0772606  46.23430183 51.01131149 45.82675129 45.64774052 45.7034154 ]
[45.29348434 45.52016427 49.22204279 44.87496563 44.34478496 44.12660021]
[45.28985009 47.42883623 50.89210039 45.29243734 44.78922941 44.79216556]
[45.90413935 47.22231856 50.11085438 44.85835559 44.19354888 44.10456882]
[45.73276393 46.32155749 48.8426718  44.87321456 44.31126247 44.25301306]
[47.41428095 47.82020168 50.83451016 45.90095658 45.67681073 45.58215159]
[45.88781181 47.49775456 49.99613507 45.89930787 45.45025726 45.36097831]
[46.7254874  47.57585203 53.84227317 46.13497553 45.30485636 45.33339245]
[45.79045837 47.88543457 52.6987166  45.78829241 44.86949836 44.88339571]
[47.63416509 47.66622463 50.66394748 47.1200227  45.75317828 46.11966985]
[46.28399041 46.68914966 50.68792025 45.98069275 45.45537804 45.66288561]
[46.87576768 47.65509982 53.71618544 46.28637597 45.56775492 45.48451181]
[46.24154775 47.70304316 51.27275334 46.23032882 45.40281648 45.56802257]
[45.49263063 45.69179926 53.05748984 44.78630384 44.12459688 43.89067531]
[45.04366303 46.58309366 50.62524705 45.03512806 44.56689272 44.53996989]
[45.88653404 46.75807608 52.31701046 44.57580139 44.08976401 44.10733682]
[45.89448248 46.06979831 49.51453777 45.4214611  45.004257   45.03269685]
[45.89645126 45.53925945 52.26222073 45.89758666 44.78966798 44.74937845]
[46.18221565 47.6710365  50.63790089 45.56241598 44.9246755  44.62761697]
[48.48975152 48.37436925 50.30138841 48.24276053 46.73326171 46.92045501]
[47.06388497 47.05538483 50.7986644  46.21578274 45.77351761 45.96792687]
[45.96476556 47.35964196 49.40711609 45.76996835 45.12887694 45.12192541]
[45.41357957 47.57449725 51.76428274 44.87076021 44.22630802 44.38081707]
[45.95687645 46.73241053 50.05597436 45.21473312 44.75462014 45.07786808]
[45.32921618 46.08978131 50.2019     45.34079334 44.25059884 44.2549953 ]
[46.56428525 47.17620302 52.56416651 46.25384207 45.28270144 45.27605907]
[45.52786696 47.75367451 49.98254874 45.22636461 44.95210467 44.80586738]
[45.38335508 46.04853883 51.18884435 45.3860289  45.27031403 45.20451381]
[46.31855316 47.46664627 50.58651184 45.87265315 45.18262809 45.35184475]
